\BOOKMARK [1][-]{section.1}{The action potential}{}% 1
\BOOKMARK [1][-]{section.2}{Models of active ion channels}{}% 2
\BOOKMARK [2][-]{subsection.2.1}{Ion channel structure and function}{section.2}% 3
\BOOKMARK [2][-]{subsection.2.2}{Ion channel nomenclature}{section.2}% 4
\BOOKMARK [2][-]{subsection.2.3}{Experimental techniques}{section.2}% 5
\BOOKMARK [3][-]{subsubsection.2.3.1}{Single channel recordings}{subsection.2.3}% 6
\BOOKMARK [3][-]{subsubsection.2.3.2}{Channel isolation by blockers}{subsection.2.3}% 7
\BOOKMARK [3][-]{subsubsection.2.3.3}{Channel isolation by mRNA transfection}{subsection.2.3}% 8
\BOOKMARK [3][-]{subsubsection.2.3.4}{Gating current}{subsection.2.3}% 9
\BOOKMARK [2][-]{subsection.2.4}{Modelling ensmbles of coltage-gated ion channels}{section.2}% 10
\BOOKMARK [3][-]{subsubsection.2.4.1}{Gating particle models}{subsection.2.4}% 11
\BOOKMARK [3][-]{subsubsection.2.4.2}{Thermodynamic models}{subsection.2.4}% 12
\BOOKMARK [1][-]{section.3}{Exam questions}{}% 13
\BOOKMARK [2][-]{subsection.3.1}{Electrical properties of neurons}{section.3}% 14
\BOOKMARK [2][-]{subsection.3.2}{Hodgkin-Huxley model}{section.3}% 15
\BOOKMARK [1][-]{section.4}{Multicompartmental modelling and cable equation}{}% 16
\BOOKMARK [1][-]{section.5}{Synapses}{}% 17
\BOOKMARK [1][-]{section.6}{Active ion channels}{}% 18
\BOOKMARK [1][-]{section.7}{Intracellular signaling and calcium}{}% 19
\BOOKMARK [1][-]{section.8}{Simplified neuron models}{}% 20
